0 info it worked if it ends with ok
1 verbose cli [ '/home/ubuntu/.nvm/v0.10.35/bin/node',
1 verbose cli   '/home/ubuntu/.nvm/v0.10.35/bin/npm',
1 verbose cli   'install',
1 verbose cli   'form-scrap',
1 verbose cli   '--save-dev' ]
2 info using npm@1.4.28
3 info using node@v0.10.35
4 warn package.json scrapper@0.0.0 No repository field.
5 verbose readDependencies using package.json deps
6 verbose cache add [ 'form-scrap', null ]
7 verbose cache add name=undefined spec="form-scrap" args=["form-scrap",null]
8 verbose parsed url { protocol: null,
8 verbose parsed url   slashes: null,
8 verbose parsed url   auth: null,
8 verbose parsed url   host: null,
8 verbose parsed url   port: null,
8 verbose parsed url   hostname: null,
8 verbose parsed url   hash: null,
8 verbose parsed url   search: null,
8 verbose parsed url   query: null,
8 verbose parsed url   pathname: 'form-scrap',
8 verbose parsed url   path: 'form-scrap',
8 verbose parsed url   href: 'form-scrap' }
9 silly lockFile 8154db77-form-scrap form-scrap
10 verbose lock form-scrap /home/ubuntu/.npm/8154db77-form-scrap.lock
11 silly lockFile 8154db77-form-scrap form-scrap
12 silly lockFile 8154db77-form-scrap form-scrap
13 verbose addNamed [ 'form-scrap', '' ]
14 verbose addNamed [ null, '*' ]
15 silly lockFile ee619205-form-scrap form-scrap@
16 verbose lock form-scrap@ /home/ubuntu/.npm/ee619205-form-scrap.lock
17 silly addNameRange { name: 'form-scrap', range: '*', hasData: false }
18 verbose request where is /form-scrap
19 verbose request registry https://registry.npmjs.org/
20 verbose request id e5849a88e6fb613a
21 verbose url raw /form-scrap
22 verbose url resolving [ 'https://registry.npmjs.org/', './form-scrap' ]
23 verbose url resolved https://registry.npmjs.org/form-scrap
24 verbose request where is https://registry.npmjs.org/form-scrap
25 info trying registry request attempt 1 at 22:34:08
26 http GET https://registry.npmjs.org/form-scrap
27 http 404 https://registry.npmjs.org/form-scrap
28 verbose headers { server: 'CouchDB/1.5.0 (Erlang OTP/R16B03)',
28 verbose headers   'content-type': 'application/json',
28 verbose headers   'cache-control': 'max-age=0',
28 verbose headers   'content-length': '51',
28 verbose headers   'accept-ranges': 'bytes',
28 verbose headers   date: 'Fri, 29 May 2015 22:34:08 GMT',
28 verbose headers   via: '1.1 varnish',
28 verbose headers   age: '0',
28 verbose headers   connection: 'keep-alive',
28 verbose headers   'x-served-by': 'cache-dfw1834-DFW',
28 verbose headers   'x-cache': 'MISS',
28 verbose headers   'x-cache-hits': '0',
28 verbose headers   'x-timer': 'S1432938848.295104,VS0,VE49' }
29 silly registry.get cb [ 404,
29 silly registry.get   { server: 'CouchDB/1.5.0 (Erlang OTP/R16B03)',
29 silly registry.get     'content-type': 'application/json',
29 silly registry.get     'cache-control': 'max-age=0',
29 silly registry.get     'content-length': '51',
29 silly registry.get     'accept-ranges': 'bytes',
29 silly registry.get     date: 'Fri, 29 May 2015 22:34:08 GMT',
29 silly registry.get     via: '1.1 varnish',
29 silly registry.get     age: '0',
29 silly registry.get     connection: 'keep-alive',
29 silly registry.get     'x-served-by': 'cache-dfw1834-DFW',
29 silly registry.get     'x-cache': 'MISS',
29 silly registry.get     'x-cache-hits': '0',
29 silly registry.get     'x-timer': 'S1432938848.295104,VS0,VE49' } ]
30 silly lockFile ee619205-form-scrap form-scrap@
31 silly lockFile ee619205-form-scrap form-scrap@
32 error 404 404 Not Found: form-scrap
32 error 404
32 error 404 'form-scrap' is not in the npm registry.
32 error 404 You should bug the author to publish it
32 error 404 It was specified as a dependency of 'scrapper'
32 error 404
32 error 404 Note that you can also install from a
32 error 404 tarball, folder, or http url, or git url.
33 error System Linux 3.14.13-c9
34 error command "/home/ubuntu/.nvm/v0.10.35/bin/node" "/home/ubuntu/.nvm/v0.10.35/bin/npm" "install" "form-scrap" "--save-dev"
35 error cwd /home/ubuntu/workspace
36 error node -v v0.10.35
37 error npm -v 1.4.28
38 error code E404
39 verbose exit [ 1, true ]
